#
# A fatal error has been detected by the Java Runtime Environment:
#
#  EXCEPTION_ACCESS_VIOLATION (0xc0000005) at pc=0x00000151350f29c3, pid=12072, tid=20416
#
# JRE version: OpenJDK Runtime Environment (14.0.2+12) (build 14.0.2+12-46)
# Java VM: OpenJDK 64-Bit Server VM (14.0.2+12-46, mixed mode, sharing, tiered, compressed oops, g1 gc, windows-amd64)
# Problematic frame:
# j  java.lang.invoke.MethodType$ConcurrentWeakInternSet.get(Ljava/lang/Object;)Ljava/lang/Object;+35 java.base@14.0.2
#
# No core dump will be written. Minidumps are not enabled by default on client versions of Windows
#
# If you would like to submit a bug report, please visit:
#   https://bugreport.java.com/bugreport/crash.jsp
#

---------------  S U M M A R Y ------------

Command Line: --add-modules=javafx.base,javafx.graphics --add-reads=javafx.base=ALL-UNNAMED --add-reads=javafx.graphics=ALL-UNNAMED -javaagent:C:\Program Files\JetBrains\IntelliJ IDEA Community Edition 2020.2.1\lib\idea_rt.jar=57759:C:\Program Files\JetBrains\IntelliJ IDEA Community Edition 2020.2.1\bin -Dfile.encoding=UTF-8 --module-path=C:\Users\DELL\.m2\repository\org\openjfx\javafx-base\15\javafx-base-15-win.jar;C:\Users\DELL\.m2\repository\org\openjfx\javafx-graphics\15\javafx-graphics-15-win.jar uet.oop.bomberman.BombermanGame

Host: Intel(R) Core(TM) i5-1035G1 CPU @ 1.00GHz, 8 cores, 7G,  Windows 10 , 64 bit Build 18362 (10.0.18362.1110)
Time: Fri Nov 20 17:24:30 2020 SE Asia Standard Time elapsed time: 0 seconds (0d 0h 0m 0s)

---------------  T H R E A D  ---------------

Current thread (0x000001512c93b800):  JavaThread "main" [_thread_in_Java, id=20416, stack(0x00000019f7b00000,0x00000019f7c00000)]

Stack: [0x00000019f7b00000,0x00000019f7c00000],  sp=0x00000019f7bfc770,  free space=1009k
Native frames: (J=compiled Java code, j=interpreted, Vv=VM code, C=native code)
C  0x00000151350f29c3


siginfo: EXCEPTION_ACCESS_VIOLATION (0xc0000005), reading address 0x000000088bf7b73c


Register to memory mapping:

RIP=0x00000151350f29c3 is at code_begin+67 in an Interpreter codelet
aload_3  45 aload_3  [0x00000151350f2980, 0x00000151350f29e0]  96 bytes
RAX=0x000000008b779528 is an oop: java.lang.invoke.MethodType 
{0x000000008b779528} - klass: 'java/lang/invoke/MethodType'
RBX=0x000000000000002d is an unknown value
RCX=0x0000000000000020 is an unknown value
RDX=0x0 is NULL
RSP=0x00000019f7bfc770 is pointing into the stack for thread: 0x000001512c93b800
RBP=0x00000019f7bfc7b8 is pointing into the stack for thread: 0x000001512c93b800
RSI=0x000000000000001f is an unknown value
RDI=0x00000151350e9f00 is at code_begin+1664 in an Interpreter codelet
invoke return entry points  [0x00000151350e9880, 0x00000151350ea2a0]  2592 bytes
R8 =0x000001514b8f1660 is pointing into metadata
R9 =0x000000008b779528 is an oop: java.lang.invoke.MethodType 
{0x000000008b779528} - klass: 'java/lang/invoke/MethodType'
R10=0x00007ffb12121a40 jvm.dll
R11=0x00000151356845c0 is at entry_point+0 in (nmethod*)0x0000015135684410
R12=0x0 is NULL
R13=0x0000000000400004 is an unknown value
R14=0x00000019f7bfc7e0 is pointing into the stack for thread: 0x000001512c93b800
R15=0x000001512c93b800 is a thread


Registers:
RAX=0x000000008b779528, RBX=0x000000000000002d, RCX=0x0000000000000020, RDX=0x0000000000000000
RSP=0x00000019f7bfc770, RBP=0x00000019f7bfc7b8, RSI=0x000000000000001f, RDI=0x00000151350e9f00
R8 =0x000001514b8f1660, R9 =0x000000008b779528, R10=0x00007ffb12121a40, R11=0x00000151356845c0
R12=0x0000000000000000, R13=0x0000000000400004, R14=0x00000019f7bfc7e0, R15=0x000001512c93b800
RIP=0x00000151350f29c3, EFLAGS=0x0000000000010202

Top of Stack: (sp=0x00000019f7bfc770)
0x00000019f7bfc770:   00000019f7bfc770 000000080085b333
0x00000019f7bfc780:   00000019f7bfc7e0 000000080021a180
0x00000019f7bfc790:   0000000000000000 000000008b76f0b8
0x00000019f7bfc7a0:   000000080021a390 0000000000000000
0x00000019f7bfc7b0:   00000019f7bfc7d8 00000019f7bfc830
0x00000019f7bfc7c0:   00000151350e9f00 000000008b779528
0x00000019f7bfc7d0:   000000008b7795f8 000000008b7a3cf0
0x00000019f7bfc7e0:   000000008b76f138 00000019f7bfc7e8
0x00000019f7bfc7f0:   0000000800a5e521 00000019f7bfc860
0x00000019f7bfc800:   0000000800375f10 0000000000000000
0x00000019f7bfc810:   000000008b704940 0000000800378258
0x00000019f7bfc820:   00000019f7bfc7d8 00000019f7bfc850
0x00000019f7bfc830:   00000019f7bfc8b0 00000151350e9f00
0x00000019f7bfc840:   0000000000000000 000000008b7a3cf0
0x00000019f7bfc850:   0000000000000001 000000008b7a3cd8
0x00000019f7bfc860:   000000008b700230 00000019f7bfc868 

Instructions: (pc=0x00000151350f29c3)
0x00000151350f28c3:   41 0f b6 5d 01 49 ff c5 49 ba 40 12 12 12 fb 7f
0x00000151350f28d3:   00 00 41 ff 24 da 0f 1f 80 00 00 00 00 80 00 00
0x00000151350f28e3:   00 00 00 00 00 10 96 ec 11 fb 7f 00 00 2c 00 00
0x00000151350f28f3:   00 00 00 00 00 00 00 00 00 00 00 00 00 50 e9 39
0x00000151350f2903:   00 00 00 48 83 ec 08 c5 fa 11 04 24 e9 2b 00 00
0x00000151350f2913:   00 48 83 ec 10 c5 fb 11 04 24 e9 1d 00 00 00 48
0x00000151350f2923:   83 ec 10 48 89 04 24 49 ba 00 00 00 00 00 00 00
0x00000151350f2933:   00 4c 89 54 24 08 e9 01 00 00 00 50 49 8b 46 f0
0x00000151350f2943:   41 0f b6 5d 01 49 ff c5 49 ba 40 12 12 12 fb 7f
0x00000151350f2953:   00 00 41 ff 24 da 0f 1f 80 00 00 00 00 80 00 00
0x00000151350f2963:   00 00 00 00 00 18 96 ec 11 fb 7f 00 00 2d 00 00
0x00000151350f2973:   00 00 00 00 00 00 00 00 00 00 00 00 00 50 e9 39
0x00000151350f2983:   00 00 00 48 83 ec 08 c5 fa 11 04 24 e9 2b 00 00
0x00000151350f2993:   00 48 83 ec 10 c5 fb 11 04 24 e9 1d 00 00 00 48
0x00000151350f29a3:   83 ec 10 48 89 04 24 49 ba 00 00 00 00 00 00 00
0x00000151350f29b3:   00 4c 89 54 24 08 e9 01 00 00 00 50 49 8b 46 e8
0x00000151350f29c3:   41 0f b6 5d 01 49 ff c5 49 ba 40 12 12 12 fb 7f
0x00000151350f29d3:   00 00 41 ff 24 da 0f 1f 80 00 00 00 00 60 00 00
0x00000151350f29e3:   00 00 00 00 00 20 96 ec 11 fb 7f 00 00 2e 00 00
0x00000151350f29f3:   00 00 00 00 00 00 00 00 00 00 00 00 00 8b 04 24
0x00000151350f2a03:   48 83 c4 08 5a 48 63 c0 3b 42 0c 8b d8 72 08 48
0x00000151350f2a13:   8b d2 e9 e6 af ff ff 8b 44 82 10 41 0f b6 5d 01
0x00000151350f2a23:   49 ff c5 49 ba 40 f2 11 12 fb 7f 00 00 41 ff 24
0x00000151350f2a33:   da 0f 1f 40 00 00 00 00 00 00 00 00 00 60 00 00
0x00000151350f2a43:   00 00 00 00 00 28 96 ec 11 fb 7f 00 00 2f 00 00
0x00000151350f2a53:   00 00 00 00 00 00 00 00 00 00 00 00 00 8b 04 24
0x00000151350f2a63:   48 83 c4 08 5a 48 63 c0 3b 42 0c 8b d8 72 08 48
0x00000151350f2a73:   8b d2 e9 86 af ff ff 48 8b 44 da 10 41 0f b6 5d
0x00000151350f2a83:   01 49 ff c5 49 ba 40 fa 11 12 fb 7f 00 00 41 ff
0x00000151350f2a93:   24 da 66 66 90 00 00 00 00 00 00 00 00 60 00 00
0x00000151350f2aa3:   00 00 00 00 00 30 96 ec 11 fb 7f 00 00 30 00 00
0x00000151350f2ab3:   00 00 00 00 00 00 00 00 00 00 00 00 00 8b 04 24 


Stack slot to memory mapping:
stack at sp + 0 slots: 0x00000019f7bfc770 is pointing into the stack for thread: 0x000001512c93b800
stack at sp + 1 slots: 0x000000080085b333 is pointing into metadata
stack at sp + 2 slots: 0x00000019f7bfc7e0 is pointing into the stack for thread: 0x000001512c93b800
stack at sp + 3 slots: 0x000000080021a180 is pointing into metadata
stack at sp + 4 slots: 0x0 is NULL
stack at sp + 5 slots: 0x000000008b76f0b8 is an oop: java.lang.Class 
{0x000000008b76f0b8} - klass: 'java/lang/Class'
stack at sp + 6 slots: {method} {0x000000080021a398} 'get' '(Ljava/lang/Object;)Ljava/lang/Object;' in 'java/lang/invoke/MethodType$ConcurrentWeakInternSet'
stack at sp + 7 slots: 0x0 is NULL

aload_3  45 aload_3  [0x00000151350f2980, 0x00000151350f29e0]  96 bytes
[MachCode]
  0x00000151350f2980: 50e9 3900 | 0000 4883 | ec08 c5fa | 1104 24e9 | 2b00 0000 | 4883 ec10 | c5fb 1104 | 24e9 1d00 
  0x00000151350f29a0: 0000 4883 | ec10 4889 | 0424 49ba | 0000 0000 | 0000 0000 | 4c89 5424 | 08e9 0100 | 0000 5049 
  0x00000151350f29c0: 8b46 e841 | 0fb6 5d01 | 49ff c549 | ba40 1212 | 12fb 7f00 | 0041 ff24 | da0f 1f80 | 0000 0000 
[/MachCode]

---------------  P R O C E S S  ---------------

Threads class SMR info:
_java_thread_list=0x000001514c27c110, length=10, elements={
0x000001512c93b800, 0x000001514b863000, 0x000001514b864800, 0x000001514b87c800,
0x000001514b87e800, 0x000001514b880800, 0x000001514b883000, 0x000001514b894000,
0x000001514b89e800, 0x000001514c2a7800
}

Java Threads: ( => current thread )
=>0x000001512c93b800 JavaThread "main" [_thread_in_Java, id=20416, stack(0x00000019f7b00000,0x00000019f7c00000)]
  0x000001514b863000 JavaThread "Reference Handler" daemon [_thread_blocked, id=8516, stack(0x00000019f8200000,0x00000019f8300000)]
  0x000001514b864800 JavaThread "Finalizer" daemon [_thread_blocked, id=11516, stack(0x00000019f8300000,0x00000019f8400000)]
  0x000001514b87c800 JavaThread "Signal Dispatcher" daemon [_thread_blocked, id=4432, stack(0x00000019f8400000,0x00000019f8500000)]
  0x000001514b87e800 JavaThread "Attach Listener" daemon [_thread_blocked, id=15852, stack(0x00000019f8500000,0x00000019f8600000)]
  0x000001514b880800 JavaThread "Service Thread" daemon [_thread_blocked, id=15280, stack(0x00000019f8600000,0x00000019f8700000)]
  0x000001514b883000 JavaThread "C2 CompilerThread0" daemon [_thread_blocked, id=16624, stack(0x00000019f8700000,0x00000019f8800000)]
  0x000001514b894000 JavaThread "C1 CompilerThread0" daemon [_thread_blocked, id=1492, stack(0x00000019f8800000,0x00000019f8900000)]
  0x000001514b89e800 JavaThread "Sweeper thread" daemon [_thread_blocked, id=7364, stack(0x00000019f8900000,0x00000019f8a00000)]
  0x000001514c2a7800 JavaThread "Common-Cleaner" daemon [_thread_blocked, id=12732, stack(0x00000019f8a00000,0x00000019f8b00000)]

Other Threads:
  0x000001514b85e800 VMThread "VM Thread" [stack: 0x00000019f8100000,0x00000019f8200000] [id=17124]
  0x000001512c97f800 GCTaskThread "GC Thread#0" [stack: 0x00000019f7c00000,0x00000019f7d00000] [id=16244]
  0x000001512c991800 ConcurrentGCThread "G1 Main Marker" [stack: 0x00000019f7d00000,0x00000019f7e00000] [id=11984]
  0x000001512c993800 ConcurrentGCThread "G1 Conc#0" [stack: 0x00000019f7e00000,0x00000019f7f00000] [id=17000]
  0x000001514b6d1800 ConcurrentGCThread "G1 Refine#0" [stack: 0x00000019f7f00000,0x00000019f8000000] [id=11920]
  0x000001512ca0d000 ConcurrentGCThread "G1 Young RemSet Sampling" [stack: 0x00000019f8000000,0x00000019f8100000] [id=7908]

Threads with active compile tasks:

VM state:not at safepoint (normal execution)

VM Mutex/Monitor currently owned by a thread: None

Heap address: 0x0000000083a00000, size: 1990 MB, Compressed Oops mode: 32-bit
Narrow klass base: 0x0000000800000000, Narrow klass shift: 3
Compressed class space size: 1073741824 Address: 0x0000000800b30000

Heap:
 garbage-first heap   total 129024K, used 0K [0x0000000083a00000, 0x0000000100000000)
  region size 1024K, 1 young (1024K), 0 survivors (0K)
 Metaspace       used 329K, capacity 4507K, committed 4864K, reserved 1056768K
  class space    used 31K, capacity 395K, committed 512K, reserved 1048576K
Heap Regions: E=young(eden), S=young(survivor), O=old, HS=humongous(starts), HC=humongous(continues), CS=collection set, F=free, OA=open archive, CA=closed archive, TAMS=top-at-mark-start (previous, next)
|   0|0x0000000083a00000, 0x0000000083a00000, 0x0000000083b00000|  0%| F|  |TAMS 0x0000000083a00000, 0x0000000083a00000| Untracked 
|   1|0x0000000083b00000, 0x0000000083b00000, 0x0000000083c00000|  0%| F|  |TAMS 0x0000000083b00000, 0x0000000083b00000| Untracked 
|   2|0x0000000083c00000, 0x0000000083c00000, 0x0000000083d00000|  0%| F|  |TAMS 0x0000000083c00000, 0x0000000083c00000| Untracked 
|   3|0x0000000083d00000, 0x0000000083d00000, 0x0000000083e00000|  0%| F|  |TAMS 0x0000000083d00000, 0x0000000083d00000| Untracked 
|   4|0x0000000083e00000, 0x0000000083e00000, 0x0000000083f00000|  0%| F|  |TAMS 0x0000000083e00000, 0x0000000083e00000| Untracked 
|   5|0x0000000083f00000, 0x0000000083f00000, 0x0000000084000000|  0%| F|  |TAMS 0x0000000083f00000, 0x0000000083f00000| Untracked 
|   6|0x0000000084000000, 0x0000000084000000, 0x0000000084100000|  0%| F|  |TAMS 0x0000000084000000, 0x0000000084000000| Untracked 
|   7|0x0000000084100000, 0x0000000084100000, 0x0000000084200000|  0%| F|  |TAMS 0x0000000084100000, 0x0000000084100000| Untracked 
|   8|0x0000000084200000, 0x0000000084200000, 0x0000000084300000|  0%| F|  |TAMS 0x0000000084200000, 0x0000000084200000| Untracked 
|   9|0x0000000084300000, 0x0000000084300000, 0x0000000084400000|  0%| F|  |TAMS 0x0000000084300000, 0x0000000084300000| Untracked 
|  10|0x0000000084400000, 0x0000000084400000, 0x0000000084500000|  0%| F|  |TAMS 0x0000000084400000, 0x0000000084400000| Untracked 
|  11|0x0000000084500000, 0x0000000084500000, 0x0000000084600000|  0%| F|  |TAMS 0x0000000084500000, 0x0000000084500000| Untracked 
|  12|0x0000000084600000, 0x0000000084600000, 0x0000000084700000|  0%| F|  |TAMS 0x0000000084600000, 0x0000000084600000| Untracked 
|  13|0x0000000084700000, 0x0000000084700000, 0x0000000084800000|  0%| F|  |TAMS 0x0000000084700000, 0x0000000084700000| Untracked 
|  14|0x0000000084800000, 0x0000000084800000, 0x0000000084900000|  0%| F|  |TAMS 0x0000000084800000, 0x0000000084800000| Untracked 
|  15|0x0000000084900000, 0x0000000084900000, 0x0000000084a00000|  0%| F|  |TAMS 0x0000000084900000, 0x0000000084900000| Untracked 
|  16|0x0000000084a00000, 0x0000000084a00000, 0x0000000084b00000|  0%| F|  |TAMS 0x0000000084a00000, 0x0000000084a00000| Untracked 
|  17|0x0000000084b00000, 0x0000000084b00000, 0x0000000084c00000|  0%| F|  |TAMS 0x0000000084b00000, 0x0000000084b00000| Untracked 
|  18|0x0000000084c00000, 0x0000000084c00000, 0x0000000084d00000|  0%| F|  |TAMS 0x0000000084c00000, 0x0000000084c00000| Untracked 
|  19|0x0000000084d00000, 0x0000000084d00000, 0x0000000084e00000|  0%| F|  |TAMS 0x0000000084d00000, 0x0000000084d00000| Untracked 
|  20|0x0000000084e00000, 0x0000000084e00000, 0x0000000084f00000|  0%| F|  |TAMS 0x0000000084e00000, 0x0000000084e00000| Untracked 
|  21|0x0000000084f00000, 0x0000000084f00000, 0x0000000085000000|  0%| F|  |TAMS 0x0000000084f00000, 0x0000000084f00000| Untracked 
|  22|0x0000000085000000, 0x0000000085000000, 0x0000000085100000|  0%| F|  |TAMS 0x0000000085000000, 0x0000000085000000| Untracked 
|  23|0x0000000085100000, 0x0000000085100000, 0x0000000085200000|  0%| F|  |TAMS 0x0000000085100000, 0x0000000085100000| Untracked 
|  24|0x0000000085200000, 0x0000000085200000, 0x0000000085300000|  0%| F|  |TAMS 0x0000000085200000, 0x0000000085200000| Untracked 
|  25|0x0000000085300000, 0x0000000085300000, 0x0000000085400000|  0%| F|  |TAMS 0x0000000085300000, 0x0000000085300000| Untracked 
|  26|0x0000000085400000, 0x0000000085400000, 0x0000000085500000|  0%| F|  |TAMS 0x0000000085400000, 0x0000000085400000| Untracked 
|  27|0x0000000085500000, 0x0000000085500000, 0x0000000085600000|  0%| F|  |TAMS 0x0000000085500000, 0x0000000085500000| Untracked 
|  28|0x0000000085600000, 0x0000000085600000, 0x0000000085700000|  0%| F|  |TAMS 0x0000000085600000, 0x0000000085600000| Untracked 
|  29|0x0000000085700000, 0x0000000085700000, 0x0000000085800000|  0%| F|  |TAMS 0x0000000085700000, 0x0000000085700000| Untracked 
|  30|0x0000000085800000, 0x0000000085800000, 0x0000000085900000|  0%| F|  |TAMS 0x0000000085800000, 0x0000000085800000| Untracked 
|  31|0x0000000085900000, 0x0000000085900000, 0x0000000085a00000|  0%| F|  |TAMS 0x0000000085900000, 0x0000000085900000| Untracked 
|  32|0x0000000085a00000, 0x0000000085a00000, 0x0000000085b00000|  0%| F|  |TAMS 0x0000000085a00000, 0x0000000085a00000| Untracked 
|  33|0x0000000085b00000, 0x0000000085b00000, 0x0000000085c00000|  0%| F|  |TAMS 0x0000000085b00000, 0x0000000085b00000| Untracked 
|  34|0x0000000085c00000, 0x0000000085c00000, 0x0000000085d00000|  0%| F|  |TAMS 0x0000000085c00000, 0x0000000085c00000| Untracked 
|  35|0x0000000085d00000, 0x0000000085d00000, 0x0000000085e00000|  0%| F|  |TAMS 0x0000000085d00000, 0x0000000085d00000| Untracked 
|  36|0x0000000085e00000, 0x0000000085e00000, 0x0000000085f00000|  0%| F|  |TAMS 0x0000000085e00000, 0x0000000085e00000| Untracked 
|  37|0x0000000085f00000, 0x0000000085f00000, 0x0000000086000000|  0%| F|  |TAMS 0x0000000085f00000, 0x0000000085f00000| Untracked 
|  38|0x0000000086000000, 0x0000000086000000, 0x0000000086100000|  0%| F|  |TAMS 0x0000000086000000, 0x0000000086000000| Untracked 
|  39|0x0000000086100000, 0x0000000086100000, 0x0000000086200000|  0%| F|  |TAMS 0x0000000086100000, 0x0000000086100000| Untracked 
|  40|0x0000000086200000, 0x0000000086200000, 0x0000000086300000|  0%| F|  |TAMS 0x0000000086200000, 0x0000000086200000| Untracked 
|  41|0x0000000086300000, 0x0000000086300000, 0x0000000086400000|  0%| F|  |TAMS 0x0000000086300000, 0x0000000086300000| Untracked 
|  42|0x0000000086400000, 0x0000000086400000, 0x0000000086500000|  0%| F|  |TAMS 0x0000000086400000, 0x0000000086400000| Untracked 
|  43|0x0000000086500000, 0x0000000086500000, 0x0000000086600000|  0%| F|  |TAMS 0x0000000086500000, 0x0000000086500000| Untracked 
|  44|0x0000000086600000, 0x0000000086600000, 0x0000000086700000|  0%| F|  |TAMS 0x0000000086600000, 0x0000000086600000| Untracked 
|  45|0x0000000086700000, 0x0000000086700000, 0x0000000086800000|  0%| F|  |TAMS 0x0000000086700000, 0x0000000086700000| Untracked 
|  46|0x0000000086800000, 0x0000000086800000, 0x0000000086900000|  0%| F|  |TAMS 0x0000000086800000, 0x0000000086800000| Untracked 
|  47|0x0000000086900000, 0x0000000086900000, 0x0000000086a00000|  0%| F|  |TAMS 0x0000000086900000, 0x0000000086900000| Untracked 
|  48|0x0000000086a00000, 0x0000000086a00000, 0x0000000086b00000|  0%| F|  |TAMS 0x0000000086a00000, 0x0000000086a00000| Untracked 
|  49|0x0000000086b00000, 0x0000000086b00000, 0x0000000086c00000|  0%| F|  |TAMS 0x0000000086b00000, 0x0000000086b00000| Untracked 
|  50|0x0000000086c00000, 0x0000000086c00000, 0x0000000086d00000|  0%| F|  |TAMS 0x0000000086c00000, 0x0000000086c00000| Untracked 
|  51|0x0000000086d00000, 0x0000000086d00000, 0x0000000086e00000|  0%| F|  |TAMS 0x0000000086d00000, 0x0000000086d00000| Untracked 
|  52|0x0000000086e00000, 0x0000000086e00000, 0x0000000086f00000|  0%| F|  |TAMS 0x0000000086e00000, 0x0000000086e00000| Untracked 
|  53|0x0000000086f00000, 0x0000000086f00000, 0x0000000087000000|  0%| F|  |TAMS 0x0000000086f00000, 0x0000000086f00000| Untracked 
|  54|0x0000000087000000, 0x0000000087000000, 0x0000000087100000|  0%| F|  |TAMS 0x0000000087000000, 0x0000000087000000| Untracked 
|  55|0x0000000087100000, 0x0000000087100000, 0x0000000087200000|  0%| F|  |TAMS 0x0000000087100000, 0x0000000087100000| Untracked 
|  56|0x0000000087200000, 0x0000000087200000, 0x0000000087300000|  0%| F|  |TAMS 0x0000000087200000, 0x0000000087200000| Untracked 
|  57|0x0000000087300000, 0x0000000087300000, 0x0000000087400000|  0%| F|  |TAMS 0x0000000087300000, 0x0000000087300000| Untracked 
|  58|0x0000000087400000, 0x0000000087400000, 0x0000000087500000|  0%| F|  |TAMS 0x0000000087400000, 0x0000000087400000| Untracked 
|  59|0x0000000087500000, 0x0000000087500000, 0x0000000087600000|  0%| F|  |TAMS 0x0000000087500000, 0x0000000087500000| Untracked 
|  60|0x0000000087600000, 0x0000000087600000, 0x0000000087700000|  0%| F|  |TAMS 0x0000000087600000, 0x0000000087600000| Untracked 
|  61|0x0000000087700000, 0x0000000087700000, 0x0000000087800000|  0%| F|  |TAMS 0x0000000087700000, 0x0000000087700000| Untracked 
|  62|0x0000000087800000, 0x0000000087800000, 0x0000000087900000|  0%| F|  |TAMS 0x0000000087800000, 0x0000000087800000| Untracked 
|  63|0x0000000087900000, 0x0000000087900000, 0x0000000087a00000|  0%| F|  |TAMS 0x0000000087900000, 0x0000000087900000| Untracked 
|  64|0x0000000087a00000, 0x0000000087a00000, 0x0000000087b00000|  0%| F|  |TAMS 0x0000000087a00000, 0x0000000087a00000| Untracked 
|  65|0x0000000087b00000, 0x0000000087b00000, 0x0000000087c00000|  0%| F|  |TAMS 0x0000000087b00000, 0x0000000087b00000| Untracked 
|  66|0x0000000087c00000, 0x0000000087c00000, 0x0000000087d00000|  0%| F|  |TAMS 0x0000000087c00000, 0x0000000087c00000| Untracked 
|  67|0x0000000087d00000, 0x0000000087d00000, 0x0000000087e00000|  0%| F|  |TAMS 0x0000000087d00000, 0x0000000087d00000| Untracked 
|  68|0x0000000087e00000, 0x0000000087e00000, 0x0000000087f00000|  0%| F|  |TAMS 0x0000000087e00000, 0x0000000087e00000| Untracked 
|  69|0x0000000087f00000, 0x0000000087f00000, 0x0000000088000000|  0%| F|  |TAMS 0x0000000087f00000, 0x0000000087f00000| Untracked 
|  70|0x0000000088000000, 0x0000000088000000, 0x0000000088100000|  0%| F|  |TAMS 0x0000000088000000, 0x0000000088000000| Untracked 
|  71|0x0000000088100000, 0x0000000088100000, 0x0000000088200000|  0%| F|  |TAMS 0x0000000088100000, 0x0000000088100000| Untracked 
|  72|0x0000000088200000, 0x0000000088200000, 0x0000000088300000|  0%| F|  |TAMS 0x0000000088200000, 0x0000000088200000| Untracked 
|  73|0x0000000088300000, 0x0000000088300000, 0x0000000088400000|  0%| F|  |TAMS 0x0000000088300000, 0x0000000088300000| Untracked 
|  74|0x0000000088400000, 0x0000000088400000, 0x0000000088500000|  0%| F|  |TAMS 0x0000000088400000, 0x0000000088400000| Untracked 
|  75|0x0000000088500000, 0x0000000088500000, 0x0000000088600000|  0%| F|  |TAMS 0x0000000088500000, 0x0000000088500000| Untracked 
|  76|0x0000000088600000, 0x0000000088600000, 0x0000000088700000|  0%| F|  |TAMS 0x0000000088600000, 0x0000000088600000| Untracked 
|  77|0x0000000088700000, 0x0000000088700000, 0x0000000088800000|  0%| F|  |TAMS 0x0000000088700000, 0x0000000088700000| Untracked 
|  78|0x0000000088800000, 0x0000000088800000, 0x0000000088900000|  0%| F|  |TAMS 0x0000000088800000, 0x0000000088800000| Untracked 
|  79|0x0000000088900000, 0x0000000088900000, 0x0000000088a00000|  0%| F|  |TAMS 0x0000000088900000, 0x0000000088900000| Untracked 
|  80|0x0000000088a00000, 0x0000000088a00000, 0x0000000088b00000|  0%| F|  |TAMS 0x0000000088a00000, 0x0000000088a00000| Untracked 
|  81|0x0000000088b00000, 0x0000000088b00000, 0x0000000088c00000|  0%| F|  |TAMS 0x0000000088b00000, 0x0000000088b00000| Untracked 
|  82|0x0000000088c00000, 0x0000000088c00000, 0x0000000088d00000|  0%| F|  |TAMS 0x0000000088c00000, 0x0000000088c00000| Untracked 
|  83|0x0000000088d00000, 0x0000000088d00000, 0x0000000088e00000|  0%| F|  |TAMS 0x0000000088d00000, 0x0000000088d00000| Untracked 
|  84|0x0000000088e00000, 0x0000000088e00000, 0x0000000088f00000|  0%| F|  |TAMS 0x0000000088e00000, 0x0000000088e00000| Untracked 
|  85|0x0000000088f00000, 0x0000000088f00000, 0x0000000089000000|  0%| F|  |TAMS 0x0000000088f00000, 0x0000000088f00000| Untracked 
|  86|0x0000000089000000, 0x0000000089000000, 0x0000000089100000|  0%| F|  |TAMS 0x0000000089000000, 0x0000000089000000| Untracked 
|  87|0x0000000089100000, 0x0000000089100000, 0x0000000089200000|  0%| F|  |TAMS 0x0000000089100000, 0x0000000089100000| Untracked 
|  88|0x0000000089200000, 0x0000000089200000, 0x0000000089300000|  0%| F|  |TAMS 0x0000000089200000, 0x0000000089200000| Untracked 
|  89|0x0000000089300000, 0x0000000089300000, 0x0000000089400000|  0%| F|  |TAMS 0x0000000089300000, 0x0000000089300000| Untracked 
|  90|0x0000000089400000, 0x0000000089400000, 0x0000000089500000|  0%| F|  |TAMS 0x0000000089400000, 0x0000000089400000| Untracked 
|  91|0x0000000089500000, 0x0000000089500000, 0x0000000089600000|  0%| F|  |TAMS 0x0000000089500000, 0x0000000089500000| Untracked 
|  92|0x0000000089600000, 0x0000000089600000, 0x0000000089700000|  0%| F|  |TAMS 0x0000000089600000, 0x0000000089600000| Untracked 
|  93|0x0000000089700000, 0x0000000089700000, 0x0000000089800000|  0%| F|  |TAMS 0x0000000089700000, 0x0000000089700000| Untracked 
|  94|0x0000000089800000, 0x0000000089800000, 0x0000000089900000|  0%| F|  |TAMS 0x0000000089800000, 0x0000000089800000| Untracked 
|  95|0x0000000089900000, 0x0000000089900000, 0x0000000089a00000|  0%| F|  |TAMS 0x0000000089900000, 0x0000000089900000| Untracked 
|  96|0x0000000089a00000, 0x0000000089a00000, 0x0000000089b00000|  0%| F|  |TAMS 0x0000000089a00000, 0x0000000089a00000| Untracked 
|  97|0x0000000089b00000, 0x0000000089b00000, 0x0000000089c00000|  0%| F|  |TAMS 0x0000000089b00000, 0x0000000089b00000| Untracked 
|  98|0x0000000089c00000, 0x0000000089c00000, 0x0000000089d00000|  0%| F|  |TAMS 0x0000000089c00000, 0x0000000089c00000| Untracked 
|  99|0x0000000089d00000, 0x0000000089d00000, 0x0000000089e00000|  0%| F|  |TAMS 0x0000000089d00000, 0x0000000089d00000| Untracked 
| 100|0x0000000089e00000, 0x0000000089e00000, 0x0000000089f00000|  0%| F|  |TAMS 0x0000000089e00000, 0x0000000089e00000| Untracked 
| 101|0x0000000089f00000, 0x0000000089f00000, 0x000000008a000000|  0%| F|  |TAMS 0x0000000089f00000, 0x0000000089f00000| Untracked 
| 102|0x000000008a000000, 0x000000008a000000, 0x000000008a100000|  0%| F|  |TAMS 0x000000008a000000, 0x000000008a000000| Untracked 
| 103|0x000000008a100000, 0x000000008a100000, 0x000000008a200000|  0%| F|  |TAMS 0x000000008a100000, 0x000000008a100000| Untracked 
| 104|0x000000008a200000, 0x000000008a200000, 0x000000008a300000|  0%| F|  |TAMS 0x000000008a200000, 0x000000008a200000| Untracked 
| 105|0x000000008a300000, 0x000000008a300000, 0x000000008a400000|  0%| F|  |TAMS 0x000000008a300000, 0x000000008a300000| Untracked 
| 106|0x000000008a400000, 0x000000008a400000, 0x000000008a500000|  0%| F|  |TAMS 0x000000008a400000, 0x000000008a400000| Untracked 
| 107|0x000000008a500000, 0x000000008a500000, 0x000000008a600000|  0%| F|  |TAMS 0x000000008a500000, 0x000000008a500000| Untracked 
| 108|0x000000008a600000, 0x000000008a600000, 0x000000008a700000|  0%| F|  |TAMS 0x000000008a600000, 0x000000008a600000| Untracked 
| 109|0x000000008a700000, 0x000000008a700000, 0x000000008a800000|  0%| F|  |TAMS 0x000000008a700000, 0x000000008a700000| Untracked 
| 110|0x000000008a800000, 0x000000008a800000, 0x000000008a900000|  0%| F|  |TAMS 0x000000008a800000, 0x000000008a800000| Untracked 
| 111|0x000000008a900000, 0x000000008a900000, 0x000000008aa00000|  0%| F|  |TAMS 0x000000008a900000, 0x000000008a900000| Untracked 
| 112|0x000000008aa00000, 0x000000008aa00000, 0x000000008ab00000|  0%| F|  |TAMS 0x000000008aa00000, 0x000000008aa00000| Untracked 
| 113|0x000000008ab00000, 0x000000008ab00000, 0x000000008ac00000|  0%| F|  |TAMS 0x000000008ab00000, 0x000000008ab00000| Untracked 
| 114|0x000000008ac00000, 0x000000008ac00000, 0x000000008ad00000|  0%| F|  |TAMS 0x000000008ac00000, 0x000000008ac00000| Untracked 
| 115|0x000000008ad00000, 0x000000008ad00000, 0x000000008ae00000|  0%| F|  |TAMS 0x000000008ad00000, 0x000000008ad00000| Untracked 
| 116|0x000000008ae00000, 0x000000008ae00000, 0x000000008af00000|  0%| F|  |TAMS 0x000000008ae00000, 0x000000008ae00000| Untracked 
| 117|0x000000008af00000, 0x000000008af00000, 0x000000008b000000|  0%| F|  |TAMS 0x000000008af00000, 0x000000008af00000| Untracked 
| 118|0x000000008b000000, 0x000000008b000000, 0x000000008b100000|  0%| F|  |TAMS 0x000000008b000000, 0x000000008b000000| Untracked 
| 119|0x000000008b100000, 0x000000008b100000, 0x000000008b200000|  0%| F|  |TAMS 0x000000008b100000, 0x000000008b100000| Untracked 
| 120|0x000000008b200000, 0x000000008b200000, 0x000000008b300000|  0%| F|  |TAMS 0x000000008b200000, 0x000000008b200000| Untracked 
| 121|0x000000008b300000, 0x000000008b300000, 0x000000008b400000|  0%| F|  |TAMS 0x000000008b300000, 0x000000008b300000| Untracked 
| 122|0x000000008b400000, 0x000000008b400000, 0x000000008b500000|  0%| F|  |TAMS 0x000000008b400000, 0x000000008b400000| Untracked 
| 123|0x000000008b500000, 0x000000008b500000, 0x000000008b600000|  0%| F|  |TAMS 0x000000008b500000, 0x000000008b500000| Untracked 
| 124|0x000000008b600000, 0x000000008b600000, 0x000000008b700000|  0%| F|  |TAMS 0x000000008b600000, 0x000000008b600000| Untracked 
| 125|0x000000008b700000, 0x000000008b800000, 0x000000008b800000|100%| E|  |TAMS 0x000000008b700000, 0x000000008b700000| Complete 

Card table byte_map: [0x0000015144800000,0x0000015144bf0000] _byte_map_base: 0x00000151443e3000

Marking Bits (Prev, Next): (CMBitMap*) 0x000001512c980578, (CMBitMap*) 0x000001512c9805b8
 Prev Bits: [0x0000015144fe0000, 0x0000015146ef8000)
 Next Bits: [0x0000015146f00000, 0x0000015148e18000)

Polling page: 0x000001512a800000

Metaspace:

Usage:
  Non-class:      4.02 MB capacity,   297.50 KB (  7%) used,     3.72 MB ( 93%) free+waste,     1.06 KB ( <1%) overhead. 
      Class:    395.00 KB capacity,    31.82 KB (  8%) used,   362.43 KB ( 92%) free+waste,   768 bytes ( <1%) overhead. 
       Both:      4.40 MB capacity,   329.32 KB (  7%) used,     4.08 MB ( 93%) free+waste,     1.81 KB ( <1%) overhead. 

Virtual space:
  Non-class space:        8.00 MB reserved,       4.25 MB ( 53%) committed 
      Class space:        1.00 GB reserved,     512.00 KB ( <1%) committed 
             Both:        1.01 GB reserved,       4.75 MB ( <1%) committed 

Chunk freelists:
   Non-Class:  0 bytes
       Class:  0 bytes
        Both:  0 bytes

MaxMetaspaceSize: 17179869184.00 GB
CompressedClassSpaceSize: 1.00 GB

CodeHeap 'non-profiled nmethods': size=120000Kb used=23Kb max_used=23Kb free=119976Kb
 bounds [0x000001513cbb0000, 0x000001513ce20000, 0x00000151440e0000]
CodeHeap 'profiled nmethods': size=120000Kb used=98Kb max_used=98Kb free=119902Kb
 bounds [0x0000015135680000, 0x00000151358f0000, 0x000001513cbb0000]
CodeHeap 'non-nmethods': size=5760Kb used=1097Kb max_used=1111Kb free=4662Kb
 bounds [0x00000151350e0000, 0x0000015135350000, 0x0000015135680000]
 total_blobs=401 nmethods=84 adapters=230
 compilation: enabled
              stopped_count=0, restarted_count=0
 full_count=0

Compilation events (20 events):
Event: 0.064 Thread 0x000001514b894000 nmethod 72 0x0000015135692810 code [0x0000015135692a60, 0x0000015135693798]
Event: 0.064 Thread 0x000001514b894000   73       3       java.lang.String::getBytes (44 bytes)
Event: 0.065 Thread 0x000001514b894000 nmethod 73 0x0000015135693b10 code [0x0000015135693ce0, 0x0000015135694038]
Event: 0.065 Thread 0x000001514b894000   74       3       java.lang.AbstractStringBuilder::ensureCapacityInternal (39 bytes)
Event: 0.065 Thread 0x000001514b894000 nmethod 74 0x0000015135694190 code [0x0000015135694360, 0x00000151356947f8]
Event: 0.065 Thread 0x000001514b894000   75       3       jdk.internal.org.objectweb.asm.ByteVector::putShort (52 bytes)
Event: 0.065 Thread 0x000001514b894000 nmethod 75 0x0000015135694990 code [0x0000015135694b40, 0x0000015135694d68]
Event: 0.065 Thread 0x000001514b894000   76       3       jdk.internal.org.objectweb.asm.SymbolTable::get (13 bytes)
Event: 0.065 Thread 0x000001514b894000 nmethod 76 0x0000015135694e90 code [0x0000015135695020, 0x0000015135695198]
Event: 0.066 Thread 0x000001514b894000   77       3       java.lang.invoke.MethodType::checkPtype (19 bytes)
Event: 0.067 Thread 0x000001514b894000 nmethod 77 0x0000015135695290 code [0x0000015135695460, 0x0000015135695818]
Event: 0.067 Thread 0x000001514b894000   78       3       jdk.internal.org.objectweb.asm.ByteVector::putUTF8 (144 bytes)
Event: 0.067 Thread 0x000001514b883000   81       4       java.lang.String::charAt (25 bytes)
Event: 0.067 Thread 0x000001514b894000 nmethod 78 0x0000015135695990 code [0x0000015135695c00, 0x0000015135696708]
Event: 0.067 Thread 0x000001514b894000   80       3       jdk.internal.org.objectweb.asm.SymbolTable::hash (10 bytes)
Event: 0.068 Thread 0x000001514b894000 nmethod 80 0x0000015135696c10 code [0x0000015135696dc0, 0x0000015135696ee8]
Event: 0.068 Thread 0x000001514b894000   79       3       java.lang.AbstractStringBuilder::isLatin1 (19 bytes)
Event: 0.068 Thread 0x000001514b894000 nmethod 79 0x0000015135696f90 code [0x0000015135697120, 0x00000151356972b8]
Event: 0.068 Thread 0x000001514b894000   82       3       java.lang.Class::getClassLoader (28 bytes)
Event: 0.068 Thread 0x000001514b883000 nmethod 81 0x000001513cbb5b10 code [0x000001513cbb5cc0, 0x000001513cbb5dd8]

GC Heap History (0 events):
No events

Deoptimization events (0 events):
No events

Classes unloaded (0 events):
No events

Classes redefined (0 events):
No events

Internal exceptions (0 events):
No events

Events (20 events):
Event: 0.048 loading class java/lang/module/ModuleFinder$2 done
Event: 0.048 loading class jdk/internal/module/DefaultRoots
Event: 0.048 loading class jdk/internal/module/DefaultRoots done
Event: 0.048 loading class java/util/Spliterators$IteratorSpliterator
Event: 0.048 loading class java/util/Spliterators$IteratorSpliterator done
Event: 0.052 loading class java/lang/Module$ReflectionData
Event: 0.052 loading class java/lang/Module$ReflectionData done
Event: 0.052 loading class java/lang/WeakPairMap
Event: 0.052 loading class java/lang/WeakPairMap done
Event: 0.052 loading class java/lang/WeakPairMap$Pair
Event: 0.052 loading class java/lang/WeakPairMap$Pair done
Event: 0.052 loading class java/lang/WeakPairMap$Pair$Lookup
Event: 0.052 loading class java/lang/WeakPairMap$Pair$Lookup done
Event: 0.058 Thread 0x000001514c2a7800 Thread added: 0x000001514c2a7800
Event: 0.058 Executing VM operation: HandshakeOneThread
Event: 0.058 Executing VM operation: HandshakeOneThread done
Event: 0.062 loading class java/lang/invoke/DirectMethodHandle$Interface
Event: 0.063 loading class java/lang/invoke/DirectMethodHandle$Interface done
Event: 0.066 loading class java/util/AbstractList$RandomAccessSpliterator
Event: 0.066 loading class java/util/AbstractList$RandomAccessSpliterator done


Dynamic libraries:
0x00007ff648120000 - 0x00007ff64812d000 	C:\Users\DELL\.jdks\openjdk-14.0.2\bin\java.exe
0x00007ffb69c40000 - 0x00007ffb69e30000 	C:\Windows\SYSTEM32\ntdll.dll
0x00007ffb69b40000 - 0x00007ffb69bf2000 	C:\Windows\System32\KERNEL32.DLL
0x00007ffb67a40000 - 0x00007ffb67ce5000 	C:\Windows\System32\KERNELBASE.dll
0x00007ffb67740000 - 0x00007ffb6783a000 	C:\Windows\System32\ucrtbase.dll
0x00007ffb58d70000 - 0x00007ffb58d88000 	C:\Users\DELL\.jdks\openjdk-14.0.2\bin\jli.dll
0x00007ffb59850000 - 0x00007ffb59865000 	C:\Users\DELL\.jdks\openjdk-14.0.2\bin\VCRUNTIME140.dll
0x00007ffb68860000 - 0x00007ffb689f4000 	C:\Windows\System32\USER32.dll
0x00007ffb67710000 - 0x00007ffb67731000 	C:\Windows\System32\win32u.dll
0x00007ffb4cf50000 - 0x00007ffb4d1d4000 	C:\Windows\WinSxS\amd64_microsoft.windows.common-controls_6595b64144ccf1df_6.0.18362.1198_none_9e820b57e45ad92f\COMCTL32.dll
0x00007ffb694a0000 - 0x00007ffb694c6000 	C:\Windows\System32\GDI32.dll
0x00007ffb67cf0000 - 0x00007ffb67d8e000 	C:\Windows\System32\msvcrt.dll
0x00007ffb67570000 - 0x00007ffb67706000 	C:\Windows\System32\gdi32full.dll
0x00007ffb66c30000 - 0x00007ffb66cce000 	C:\Windows\System32\msvcp_win.dll
0x00007ffb69730000 - 0x00007ffb69a65000 	C:\Windows\System32\combase.dll
0x00007ffb68700000 - 0x00007ffb68820000 	C:\Windows\System32\RPCRT4.dll
0x00007ffb66cd0000 - 0x00007ffb66d50000 	C:\Windows\System32\bcryptPrimitives.dll
0x00007ffb68820000 - 0x00007ffb6884e000 	C:\Windows\System32\IMM32.DLL
0x00007ffb41d20000 - 0x00007ffb41dbb000 	C:\Users\DELL\.jdks\openjdk-14.0.2\bin\msvcp140.dll
0x00007ffb116b0000 - 0x00007ffb121ce000 	C:\Users\DELL\.jdks\openjdk-14.0.2\bin\server\jvm.dll
0x00007ffb68df0000 - 0x00007ffb68e93000 	C:\Windows\System32\ADVAPI32.dll
0x00007ffb68660000 - 0x00007ffb686f7000 	C:\Windows\System32\sechost.dll
0x00007ffb69670000 - 0x00007ffb69678000 	C:\Windows\System32\PSAPI.DLL
0x00007ffb64840000 - 0x00007ffb64864000 	C:\Windows\SYSTEM32\WINMM.dll
0x00007ffb62640000 - 0x00007ffb62649000 	C:\Windows\SYSTEM32\WSOCK32.dll
0x00007ffb60f90000 - 0x00007ffb60f9a000 	C:\Windows\SYSTEM32\VERSION.dll
0x00007ffb68520000 - 0x00007ffb6858f000 	C:\Windows\System32\WS2_32.dll
0x00007ffb64810000 - 0x00007ffb6483d000 	C:\Windows\SYSTEM32\winmmbase.dll
0x00007ffb66bc0000 - 0x00007ffb66c0a000 	C:\Windows\System32\cfgmgr32.dll
0x00007ffb66ba0000 - 0x00007ffb66bb1000 	C:\Windows\System32\kernel.appcore.dll
0x00007ffb62740000 - 0x00007ffb6274a000 	C:\Users\DELL\.jdks\openjdk-14.0.2\bin\jimage.dll
0x00007ffb653f0000 - 0x00007ffb655e4000 	C:\Windows\SYSTEM32\DBGHELP.DLL
0x00007ffb4a940000 - 0x00007ffb4a96a000 	C:\Windows\SYSTEM32\dbgcore.DLL
0x00007ffb59840000 - 0x00007ffb5984e000 	C:\Users\DELL\.jdks\openjdk-14.0.2\bin\instrument.dll
0x00007ffb561f0000 - 0x00007ffb56215000 	C:\Users\DELL\.jdks\openjdk-14.0.2\bin\java.dll
0x00007ffb58d50000 - 0x00007ffb58d66000 	C:\Users\DELL\.jdks\openjdk-14.0.2\bin\zip.dll
0x00007ffb67e10000 - 0x00007ffb684f7000 	C:\Windows\System32\SHELL32.dll
0x00007ffb69680000 - 0x00007ffb69729000 	C:\Windows\System32\shcore.dll
0x00007ffb66de0000 - 0x00007ffb67561000 	C:\Windows\System32\windows.storage.dll
0x00007ffb66b70000 - 0x00007ffb66b93000 	C:\Windows\System32\profapi.dll
0x00007ffb66b20000 - 0x00007ffb66b6a000 	C:\Windows\System32\powrprof.dll
0x00007ffb66af0000 - 0x00007ffb66b00000 	C:\Windows\System32\UMPDC.dll
0x00007ffb68f20000 - 0x00007ffb68f72000 	C:\Windows\System32\shlwapi.dll
0x00007ffb66c10000 - 0x00007ffb66c27000 	C:\Windows\System32\cryptsp.dll

dbghelp: loaded successfully - version: 4.0.5 - missing functions: none
symbol engine: initialized successfully - sym options: 0x614 - pdb path: .;C:\Users\DELL\.jdks\openjdk-14.0.2\bin;C:\Windows\SYSTEM32;C:\Windows\WinSxS\amd64_microsoft.windows.common-controls_6595b64144ccf1df_6.0.18362.1198_none_9e820b57e45ad92f;C:\Users\DELL\.jdks\openjdk-14.0.2\bin\server

VM Arguments:
jvm_args: --add-modules=javafx.base,javafx.graphics --add-reads=javafx.base=ALL-UNNAMED --add-reads=javafx.graphics=ALL-UNNAMED -javaagent:C:\Program Files\JetBrains\IntelliJ IDEA Community Edition 2020.2.1\lib\idea_rt.jar=57759:C:\Program Files\JetBrains\IntelliJ IDEA Community Edition 2020.2.1\bin -Dfile.encoding=UTF-8 --module-path=C:\Users\DELL\.m2\repository\org\openjfx\javafx-base\15\javafx-base-15-win.jar;C:\Users\DELL\.m2\repository\org\openjfx\javafx-graphics\15\javafx-graphics-15-win.jar 
java_command: uet.oop.bomberman.BombermanGame
java_class_path (initial): C:\Users\DELL\IdeaProjects\bomberman-starter-starter-2\target\classes;C:\Users\DELL\.m2\repository\org\openjfx\javafx-controls\15\javafx-controls-15.jar;C:\Users\DELL\.m2\repository\org\openjfx\javafx-controls\15\javafx-controls-15-win.jar;C:\Users\DELL\.m2\repository\org\openjfx\javafx-fxml\15\javafx-fxml-15.jar;C:\Users\DELL\.m2\repository\org\openjfx\javafx-fxml\15\javafx-fxml-15-win.jar;C:\Users\DELL\.m2\repository\org\openjfx\javafx-base\15\javafx-base-15.jar;C:\Users\DELL\.m2\repository\org\openjfx\javafx-base\15\javafx-base-15-win.jar;C:\Users\DELL\.m2\repository\org\openjfx\javafx-graphics\15\javafx-graphics-15.jar;C:\Users\DELL\.m2\repository\org\openjfx\javafx-graphics\15\javafx-graphics-15-win.jar
Launcher Type: SUN_STANDARD

[Global flags]
     intx CICompilerCount                          = 4                                         {product} {ergonomic}
     uint ConcGCThreads                            = 2                                         {product} {ergonomic}
     uint G1ConcRefinementThreads                  = 8                                         {product} {ergonomic}
   size_t G1HeapRegionSize                         = 1048576                                   {product} {ergonomic}
    uintx GCDrainStackTargetSize                   = 64                                        {product} {ergonomic}
   size_t InitialHeapSize                          = 132120576                                 {product} {ergonomic}
   size_t MarkStackSize                            = 4194304                                   {product} {ergonomic}
   size_t MaxHeapSize                              = 2086666240                                {product} {ergonomic}
   size_t MaxNewSize                               = 1251999744                                {product} {ergonomic}
   size_t MinHeapDeltaBytes                        = 1048576                                   {product} {ergonomic}
   size_t MinHeapSize                              = 8388608                                   {product} {ergonomic}
    uintx NonNMethodCodeHeapSize                   = 5839372                                {pd product} {ergonomic}
    uintx NonProfiledCodeHeapSize                  = 122909434                              {pd product} {ergonomic}
    uintx ProfiledCodeHeapSize                     = 122909434                              {pd product} {ergonomic}
    uintx ReservedCodeCacheSize                    = 251658240                              {pd product} {ergonomic}
     bool SegmentedCodeCache                       = true                                      {product} {ergonomic}
   size_t SoftMaxHeapSize                          = 2086666240                             {manageable} {ergonomic}
     bool UseCompressedClassPointers               = true                                 {lp64_product} {ergonomic}
     bool UseCompressedOops                        = true                                 {lp64_product} {ergonomic}
     bool UseG1GC                                  = true                                      {product} {ergonomic}
     bool UseLargePagesIndividualAllocation        = false                                  {pd product} {ergonomic}

Logging:
Log output configuration:
 #0: stdout all=warning uptime,level,tags
 #1: stderr all=off uptime,level,tags

Environment Variables:
PATH=C:\Program Files (x86)\Common Files\Oracle\Java\javapath;C:\Windows\system32;C:\Windows;C:\Windows\System32\Wbem;C:\Windows\System32\WindowsPowerShell\v1.0\;C:\Windows\System32\OpenSSH\;C:\Program Files\Git\cmd;C:\Users\DELL\AppData\Local\Microsoft\WindowsApps;C:\Program Files\JetBrains\IntelliJ IDEA Community Edition 2020.2.1\bin;;C:\Users\DELL\AppData\Local\GitHubDesktop\bin
USERNAME=DELL
OS=Windows_NT
PROCESSOR_IDENTIFIER=Intel64 Family 6 Model 126 Stepping 5, GenuineIntel



---------------  S Y S T E M  ---------------

OS: Windows 10 , 64 bit Build 18362 (10.0.18362.1110)
OS uptime: 2 days 23:34 hours

CPU:total 8 (initial active 8) (4 cores per cpu, 2 threads per core) family 6 model 126 stepping 5, cmov, cx8, fxsr, mmx, sse, sse2, sse3, ssse3, sse4.1, sse4.2, popcnt, avx, avx2, aes, clmul, erms, 3dnowpref, lzcnt, ht, tsc, tscinvbit, bmi1, bmi2, adx, evex, sha, fma

Memory: 4k page, system-wide physical 7959M (1847M free)
TotalPageFile size 10604M (AvailPageFile size 1981M)
current process WorkingSet (physical memory assigned to process): 27M, peak: 27M
current process commit charge ("private bytes"): 211M, peak: 211M

vm_info: OpenJDK 64-Bit Server VM (14.0.2+12-46) for windows-amd64 JRE (14.0.2+12-46), built on Jul  9 2020 00:31:16 by "mach5one" with MS VC++ 15.9 (VS2017)

END.
